2023-11-20 21:22:55,768 [INFO] Activator:176 - 


2023-11-20 21:22:55,770 [INFO] Activator:177 - !SESSION log4j initialized
2023-11-20 21:22:58,362 [INFO] LogOutputStream:77 - [STDOUT_REDIRECT] 
2023-11-20 21:23:06,289 [INFO] ApplicationProperties:184 - Using Application install path: C:\ST\STM32CubeIDE_1.13.2\STM32CubeIDE\plugins\com.st.stm32cube.common.mx_6.9.2.202309101412
2023-11-20 21:23:06,309 [INFO] DbMcusXml:78 - Set database path to: C:\ST\STM32CubeIDE_1.13.2\STM32CubeIDE\plugins\com.st.stm32cube.common.mx_6.9.2.202309101412\\db\/mcu/
2023-11-20 21:23:06,310 [INFO] ApiDb:274 - Set plugin database path to: C:\ST\STM32CubeIDE_1.13.2\STM32CubeIDE\plugins\com.st.stm32cube.common.mx_6.9.2.202309101412\\db\/plugins/boardmanager/
2023-11-20 21:23:06,310 [WARN] ApiDb:259 - Overriding images path with different value:  => C:\ST\STM32CubeIDE_1.13.2\STM32CubeIDE\plugins\com.st.stm32cube.common.mx_6.9.2.202309101412\\db\/plugins/mcufinder/images/
2023-11-20 21:23:06,319 [INFO] ApiDb:250 - Set database path to: C:\Users\erics\.stmcufinder\plugins\mcufinder//mcu/
2023-11-20 21:23:06,320 [INFO] DbMcusAds:125 - Set database path to: C:\Users\erics\.stmcufinder\plugins\mcufinder//mcu/
2023-11-20 21:23:06,325 [INFO] CrossReferenceDbSqlite:203 - Set database path to: C:\Users\erics\.stmcufinder\plugins\mcufinder//mcu/cs/
2023-11-20 21:23:06,465 [INFO] RulesReader:64 - Compatibility file has been processed (293 Rules)
2023-11-20 21:23:06,652 [INFO] DbMcusXml:78 - Set database path to: C:\ST\STM32CubeIDE_1.13.2\STM32CubeIDE\plugins\com.st.stm32cube.common.mx_6.9.2.202309101412\\db\/mcu/
2023-11-20 21:23:06,652 [INFO] ApiDb:274 - Set plugin database path to: C:\ST\STM32CubeIDE_1.13.2\STM32CubeIDE\plugins\com.st.stm32cube.common.mx_6.9.2.202309101412\\db\/plugins/boardmanager/
2023-11-20 21:23:06,652 [INFO] ApiDb:261 - Set plugin images path to: C:\ST\STM32CubeIDE_1.13.2\STM32CubeIDE\plugins\com.st.stm32cube.common.mx_6.9.2.202309101412\\db\/plugins/mcufinder/images/
2023-11-20 21:23:06,653 [WARN] DbFile:41 - Overriding database path with different value: C:\Users\erics\.stmcufinder\plugins\mcufinder/ => C:\Users\erics\.stmcufinder\plugins\mcufinder
2023-11-20 21:23:06,653 [INFO] ApiDb:250 - Set database path to: C:\Users\erics\.stmcufinder\plugins\mcufinder//mcu/
2023-11-20 21:23:06,653 [WARN] DbFile:41 - Overriding database path with different value: C:\Users\erics\.stmcufinder\plugins\mcufinder/ => C:\Users\erics\.stmcufinder\plugins\mcufinder
2023-11-20 21:23:06,653 [INFO] DbMcusAds:125 - Set database path to: C:\Users\erics\.stmcufinder\plugins\mcufinder//mcu/
2023-11-20 21:23:06,653 [WARN] DbFile:41 - Overriding database path with different value: C:\Users\erics\.stmcufinder\plugins\mcufinder/ => C:\Users\erics\.stmcufinder\plugins\mcufinder
2023-11-20 21:23:06,653 [WARN] DbFile:41 - Overriding database path with different value: C:\Users\erics\.stmcufinder\plugins\mcufinder/ => C:\Users\erics\.stmcufinder\plugins\mcufinder
2023-11-20 21:23:06,653 [INFO] CrossReferenceDbSqlite:203 - Set database path to: C:\Users\erics\.stmcufinder\plugins\mcufinder//mcu/cs/
2023-11-20 21:23:06,752 [INFO] MainPanel:262 - HeapMemory: 268435456
2023-11-20 21:23:06,881 [INFO] DbMcusXml:78 - Set database path to: C:\ST\STM32CubeIDE_1.13.2\STM32CubeIDE\plugins\com.st.stm32cube.common.mx_6.9.2.202309101412\\db\/mcu/
2023-11-20 21:23:06,881 [INFO] ApiDb:274 - Set plugin database path to: C:\ST\STM32CubeIDE_1.13.2\STM32CubeIDE\plugins\com.st.stm32cube.common.mx_6.9.2.202309101412\\db\/plugins/boardmanager/
2023-11-20 21:23:06,881 [INFO] ApiDb:261 - Set plugin images path to: C:\ST\STM32CubeIDE_1.13.2\STM32CubeIDE\plugins\com.st.stm32cube.common.mx_6.9.2.202309101412\\db\/plugins/mcufinder/images/
2023-11-20 21:23:06,882 [WARN] DbFile:41 - Overriding database path with different value: C:\Users\erics\.stmcufinder\plugins\mcufinder/ => C:\Users\erics\.stmcufinder\plugins\mcufinder
2023-11-20 21:23:06,882 [INFO] ApiDb:250 - Set database path to: C:\Users\erics\.stmcufinder\plugins\mcufinder//mcu/
2023-11-20 21:23:06,882 [WARN] DbFile:41 - Overriding database path with different value: C:\Users\erics\.stmcufinder\plugins\mcufinder/ => C:\Users\erics\.stmcufinder\plugins\mcufinder
2023-11-20 21:23:06,882 [INFO] DbMcusAds:125 - Set database path to: C:\Users\erics\.stmcufinder\plugins\mcufinder//mcu/
2023-11-20 21:23:06,882 [WARN] DbFile:41 - Overriding database path with different value: C:\Users\erics\.stmcufinder\plugins\mcufinder/ => C:\Users\erics\.stmcufinder\plugins\mcufinder
2023-11-20 21:23:06,882 [WARN] DbFile:41 - Overriding database path with different value: C:\Users\erics\.stmcufinder\plugins\mcufinder/ => C:\Users\erics\.stmcufinder\plugins\mcufinder
2023-11-20 21:23:06,882 [INFO] CrossReferenceDbSqlite:203 - Set database path to: C:\Users\erics\.stmcufinder\plugins\mcufinder//mcu/cs/
2023-11-20 21:23:06,908 [INFO] ApplicationProperties:184 - Using Application install path: C:\ST\STM32CubeIDE_1.13.2\STM32CubeIDE\plugins\com.st.stm32cube.common.mx_6.9.2.202309101412
2023-11-20 21:23:06,910 [INFO] PluginManage:196 - Search for loadable plugins [exclusion list=, ]
2023-11-20 21:23:06,912 [INFO] PluginManage:310 - Check plugin analytics
2023-11-20 21:23:12,127 [INFO] AnalyticsPlugin:253 - Accepted Software Licenses: 
2023-11-20 21:23:12,128 [INFO] AnalyticsPlugin:255 - Accepted CMSIS Pack Licenses: 
2023-11-20 21:23:12,128 [INFO] AnalyticsPlugin:257 - Accepted Firmware Licenses: 
2023-11-20 21:23:12,132 [INFO] PluginManage:359 - Loaded plugin analytics (category:tool,tabindex:-1)
2023-11-20 21:23:12,133 [INFO] PluginManage:310 - Check plugin cadmodel
2023-11-20 21:23:12,141 [INFO] CADModel:105 - Init CAD model plugin
2023-11-20 21:23:12,142 [INFO] PluginManage:359 - Loaded plugin cadmodel (category:power,tabindex:5)
2023-11-20 21:23:12,142 [INFO] PluginManage:310 - Check plugin clock
2023-11-20 21:23:12,160 [INFO] PluginManage:359 - Loaded plugin clock (category:base,tabindex:2)
2023-11-20 21:23:12,160 [INFO] PluginManage:310 - Check plugin ddr
2023-11-20 21:23:12,164 [INFO] PluginManage:359 - Loaded plugin ddr (category:tool,tabindex:6)
2023-11-20 21:23:12,164 [INFO] PluginManage:310 - Check plugin filemanager
2023-11-20 21:23:12,330 [INFO] PluginManage:359 - Loaded plugin filemanager (category:base,tabindex:10)
2023-11-20 21:23:12,330 [INFO] PluginManage:310 - Check plugin ipmanager
2023-11-20 21:23:12,338 [INFO] PluginManage:359 - Loaded plugin ipmanager (category:base,tabindex:5)
2023-11-20 21:23:12,338 [INFO] PluginManage:310 - Check plugin lpbam
2023-11-20 21:23:12,347 [INFO] PluginManage:359 - Loaded plugin lpbam (category:base,tabindex:0)
2023-11-20 21:23:12,348 [INFO] PluginManage:310 - Check plugin memorymap
2023-11-20 21:23:12,364 [INFO] PluginManage:359 - Loaded plugin memorymap (category:base,tabindex:4)
2023-11-20 21:23:12,364 [INFO] PluginManage:310 - Check plugin pinoutandconfiguration
2023-11-20 21:23:12,372 [INFO] PluginManage:359 - Loaded plugin pinoutandconfiguration (category:base,tabindex:1)
2023-11-20 21:23:12,372 [INFO] PluginManage:310 - Check plugin pinoutconfig
2023-11-20 21:23:12,466 [WARN] SupportedApi:132 - Cannot load RTOS API schema: s4s-elt-must-match.1: The content of 'definitions' must match (annotation?, (simpleType | complexType)?, (unique | key | keyref)*)). A problem was found starting at: attribute.
2023-11-20 21:23:12,654 [INFO] PluginManage:359 - Loaded plugin pinoutconfig (category:base,tabindex:0)
2023-11-20 21:23:12,654 [INFO] PluginManage:310 - Check plugin power
2023-11-20 21:23:12,667 [INFO] PluginManage:359 - Loaded plugin power (category:power,tabindex:4)
2023-11-20 21:23:12,668 [INFO] PluginManage:310 - Check plugin projectmanager
2023-11-20 21:23:12,684 [INFO] PluginManage:359 - Loaded plugin projectmanager (category:projectmanager,tabindex:3)
2023-11-20 21:23:12,684 [INFO] PluginManage:310 - Check plugin thirdparty
2023-11-20 21:23:12,853 [WARN] IntegrityCheckThread:84 - waiting for thirdparty lock release [integrity check]
2023-11-20 21:23:12,853 [INFO] IntegrityCheckThread:86 - entering critical section [integrity check]
2023-11-20 21:23:12,853 [INFO] PluginManage:359 - Loaded plugin thirdparty (category:base,tabindex:-1)
2023-11-20 21:23:12,854 [INFO] PluginManage:310 - Check plugin tools
2023-11-20 21:23:12,854 [INFO] ThirdPartyUpdaterWithRetryManager:70 - Updater plugin not ready yet. [1/15]
2023-11-20 21:23:12,858 [INFO] PluginManage:359 - Loaded plugin tools (category:base,tabindex:7)
2023-11-20 21:23:12,858 [INFO] PluginManage:310 - Check plugin tutovideos
2023-11-20 21:23:13,078 [INFO] PluginManage:359 - Loaded plugin tutovideos (category:base,tabindex:-1)
2023-11-20 21:23:13,079 [INFO] PluginManage:310 - Check plugin updater
2023-11-20 21:23:13,091 [INFO] PluginManage:359 - Loaded plugin updater (category:base,tabindex:12)
2023-11-20 21:23:13,092 [INFO] PluginManage:310 - Check plugin userauth
2023-11-20 21:23:13,098 [INFO] UserAuth:113 - Init User Auth plugin
2023-11-20 21:23:13,098 [INFO] PluginManage:359 - Loaded plugin userauth (category:base,tabindex:14)
2023-11-20 21:23:13,099 [INFO] PluginManage:283 - PluginManage : Loaded plugins [17]
2023-11-20 21:23:13,421 [INFO] PinOutPanel:1499 - setPackage(No Configuration,No Configuration)
2023-11-20 21:23:13,537 [INFO] CADModel:165 - CPN selected for project level
2023-11-20 21:23:13,538 [INFO] CADModel:114 - Register for checkConnection events
2023-11-20 21:23:13,559 [INFO] IPUIPlugin:80 - create IPUIPlugin
2023-11-20 21:23:13,560 [INFO] PluginManager:220 - loadIPPluginJar : add adc
2023-11-20 21:23:13,563 [INFO] IPUIPlugin:80 - create IPUIPlugin
2023-11-20 21:23:13,563 [INFO] PluginManager:220 - loadIPPluginJar : add aes
2023-11-20 21:23:13,565 [INFO] IPUIPlugin:80 - create IPUIPlugin
2023-11-20 21:23:13,566 [INFO] PluginManager:220 - loadIPPluginJar : add can
2023-11-20 21:23:13,568 [INFO] IPUIPlugin:80 - create IPUIPlugin
2023-11-20 21:23:13,568 [INFO] PluginManager:220 - loadIPPluginJar : add comp
2023-11-20 21:23:13,571 [INFO] IPUIPlugin:80 - create IPUIPlugin
2023-11-20 21:23:13,571 [INFO] PluginManager:220 - loadIPPluginJar : add cryp
2023-11-20 21:23:13,573 [INFO] IPUIPlugin:80 - create IPUIPlugin
2023-11-20 21:23:13,573 [INFO] PluginManager:220 - loadIPPluginJar : add dfsdm
2023-11-20 21:23:13,579 [INFO] IPUIPlugin:80 - create IPUIPlugin
2023-11-20 21:23:13,580 [INFO] PluginManager:220 - loadIPPluginJar : add dma
2023-11-20 21:23:13,583 [INFO] IPUIPlugin:80 - create IPUIPlugin
2023-11-20 21:23:13,583 [INFO] PluginManager:220 - loadIPPluginJar : add dma3
2023-11-20 21:23:13,585 [INFO] IPUIPlugin:80 - create IPUIPlugin
2023-11-20 21:23:13,585 [INFO] PluginManager:220 - loadIPPluginJar : add fatfs
2023-11-20 21:23:13,590 [INFO] IPUIPlugin:80 - create IPUIPlugin
2023-11-20 21:23:13,590 [INFO] PluginManager:220 - loadIPPluginJar : add fmc
2023-11-20 21:23:13,599 [INFO] IPUIPlugin:80 - create IPUIPlugin
2023-11-20 21:23:13,599 [INFO] PluginManager:220 - loadIPPluginJar : add freertos
2023-11-20 21:23:13,600 [INFO] IPUIPlugin:80 - create IPUIPlugin
2023-11-20 21:23:13,600 [INFO] PluginManager:220 - loadIPPluginJar : add genericplugin
2023-11-20 21:23:13,602 [INFO] IPUIPlugin:80 - create IPUIPlugin
2023-11-20 21:23:13,603 [INFO] PluginManager:220 - loadIPPluginJar : add gfxmmu
2023-11-20 21:23:13,608 [INFO] IPUIPlugin:80 - create IPUIPlugin
2023-11-20 21:23:13,609 [INFO] PluginManager:220 - loadIPPluginJar : add gic
2023-11-20 21:23:13,613 [INFO] IPUIPlugin:80 - create IPUIPlugin
2023-11-20 21:23:13,613 [INFO] PluginManager:220 - loadIPPluginJar : add gpio
2023-11-20 21:23:13,617 [INFO] IPUIPlugin:80 - create IPUIPlugin
2023-11-20 21:23:13,617 [INFO] PluginManager:220 - loadIPPluginJar : add gtzc
2023-11-20 21:23:13,620 [INFO] IPUIPlugin:80 - create IPUIPlugin
2023-11-20 21:23:13,620 [INFO] PluginManager:220 - loadIPPluginJar : add hash
2023-11-20 21:23:13,622 [INFO] IPUIPlugin:80 - create IPUIPlugin
2023-11-20 21:23:13,622 [INFO] PluginManager:220 - loadIPPluginJar : add i2c
2023-11-20 21:23:13,625 [INFO] IPUIPlugin:80 - create IPUIPlugin
2023-11-20 21:23:13,625 [INFO] PluginManager:220 - loadIPPluginJar : add i2s
2023-11-20 21:23:13,628 [INFO] IPUIPlugin:80 - create IPUIPlugin
2023-11-20 21:23:13,628 [INFO] PluginManager:220 - loadIPPluginJar : add i3c
2023-11-20 21:23:13,632 [INFO] IPUIPlugin:80 - create IPUIPlugin
2023-11-20 21:23:13,632 [INFO] PluginManager:220 - loadIPPluginJar : add ipddr
2023-11-20 21:23:13,643 [INFO] IPUIPlugin:80 - create IPUIPlugin
2023-11-20 21:23:13,643 [INFO] PluginManager:220 - loadIPPluginJar : add linkedlist
2023-11-20 21:23:13,646 [INFO] IPUIPlugin:80 - create IPUIPlugin
2023-11-20 21:23:13,646 [INFO] PluginManager:220 - loadIPPluginJar : add lorawan
2023-11-20 21:23:13,648 [INFO] IPUIPlugin:80 - create IPUIPlugin
2023-11-20 21:23:13,648 [INFO] PluginManager:220 - loadIPPluginJar : add ltdc
2023-11-20 21:23:13,655 [INFO] IPUIPlugin:80 - create IPUIPlugin
2023-11-20 21:23:13,655 [INFO] PluginManager:220 - loadIPPluginJar : add mdma
2023-11-20 21:23:13,659 [INFO] IPUIPlugin:80 - create IPUIPlugin
2023-11-20 21:23:13,660 [INFO] PluginManager:220 - loadIPPluginJar : add nvic
2023-11-20 21:23:13,667 [INFO] IPUIPlugin:80 - create IPUIPlugin
2023-11-20 21:23:13,667 [INFO] PluginManager:220 - loadIPPluginJar : add opamp
2023-11-20 21:23:13,672 [INFO] IPUIPlugin:80 - create IPUIPlugin
2023-11-20 21:23:13,673 [INFO] PluginManager:220 - loadIPPluginJar : add openamp
2023-11-20 21:23:13,676 [INFO] IPUIPlugin:80 - create IPUIPlugin
2023-11-20 21:23:13,676 [INFO] PluginManager:220 - loadIPPluginJar : add pdm2pcm
2023-11-20 21:23:13,683 [INFO] IPUIPlugin:80 - create IPUIPlugin
2023-11-20 21:23:13,686 [INFO] PluginManager:220 - loadIPPluginJar : add plateformsettings
2023-11-20 21:23:13,688 [INFO] IPUIPlugin:80 - create IPUIPlugin
2023-11-20 21:23:13,688 [INFO] PluginManager:220 - loadIPPluginJar : add quadspi
2023-11-20 21:23:13,695 [INFO] IPUIPlugin:80 - create IPUIPlugin
2023-11-20 21:23:13,695 [INFO] PluginManager:220 - loadIPPluginJar : add resmgrutility
2023-11-20 21:23:13,701 [INFO] IPUIPlugin:80 - create IPUIPlugin
2023-11-20 21:23:13,701 [INFO] PluginManager:220 - loadIPPluginJar : add sai
2023-11-20 21:23:13,705 [INFO] IPUIPlugin:80 - create IPUIPlugin
2023-11-20 21:23:13,705 [INFO] PluginManager:220 - loadIPPluginJar : add spi
2023-11-20 21:23:13,711 [INFO] IPUIPlugin:80 - create IPUIPlugin
2023-11-20 21:23:13,712 [INFO] PluginManager:220 - loadIPPluginJar : add stm32_wpan
2023-11-20 21:23:13,714 [INFO] IPUIPlugin:80 - create IPUIPlugin
2023-11-20 21:23:13,714 [INFO] PluginManager:220 - loadIPPluginJar : add tim
2023-11-20 21:23:13,718 [INFO] IPUIPlugin:80 - create IPUIPlugin
2023-11-20 21:23:13,718 [INFO] PluginManager:220 - loadIPPluginJar : add touchsensing
2023-11-20 21:23:13,720 [INFO] IPUIPlugin:80 - create IPUIPlugin
2023-11-20 21:23:13,720 [INFO] PluginManager:220 - loadIPPluginJar : add tracer_emb
2023-11-20 21:23:13,723 [INFO] IPUIPlugin:80 - create IPUIPlugin
2023-11-20 21:23:13,723 [INFO] PluginManager:220 - loadIPPluginJar : add ts
2023-11-20 21:23:13,727 [INFO] IPUIPlugin:80 - create IPUIPlugin
2023-11-20 21:23:13,727 [INFO] PluginManager:220 - loadIPPluginJar : add tsc
2023-11-20 21:23:13,729 [INFO] IPUIPlugin:80 - create IPUIPlugin
2023-11-20 21:23:13,729 [INFO] PluginManager:220 - loadIPPluginJar : add ucpd
2023-11-20 21:23:13,732 [INFO] IPUIPlugin:80 - create IPUIPlugin
2023-11-20 21:23:13,732 [INFO] PluginManager:220 - loadIPPluginJar : add usart
2023-11-20 21:23:13,736 [INFO] IPUIPlugin:80 - create IPUIPlugin
2023-11-20 21:23:13,736 [INFO] PluginManager:220 - loadIPPluginJar : add usbx
2023-11-20 21:23:13,870 [INFO] CADModel:165 - CPN selected for project level
2023-11-20 21:23:13,870 [INFO] CADModel:114 - Register for checkConnection events
2023-11-20 21:23:13,871 [FATAL] Updater:308 - Updater called before beeing initialized
2023-11-20 21:23:13,871 [ERROR] CADModel:125 - Updater not yet initialized, retry later 
2023-11-20 21:23:14,029 [INFO] CADModel:165 - CPN selected for project level
2023-11-20 21:23:14,029 [INFO] CADModel:114 - Register for checkConnection events
2023-11-20 21:23:14,029 [FATAL] Updater:308 - Updater called before beeing initialized
2023-11-20 21:23:14,029 [ERROR] CADModel:125 - Updater not yet initialized, retry later 
2023-11-20 21:23:14,033 [FATAL] Updater:308 - Updater called before beeing initialized
2023-11-20 21:23:14,156 [FATAL] Updater:308 - Updater called before beeing initialized
2023-11-20 21:23:14,166 [INFO] DbMcusAds:53 - JSON generation date=Tue Mar 07 09:50:55 CET 2023 (1678179055335)
2023-11-20 21:23:14,166 [FATAL] Updater:308 - Updater called before beeing initialized
2023-11-20 21:23:14,210 [WARN] DetailPanel:346 - Failed to get advertising image, set to default
2023-11-20 21:23:14,309 [FATAL] Updater:308 - Updater called before beeing initialized
2023-11-20 21:23:14,311 [FATAL] Updater:308 - Updater called before beeing initialized
2023-11-20 21:23:14,311 [FATAL] Updater:308 - Updater called before beeing initialized
2023-11-20 21:23:14,311 [WARN] DetailPanel:346 - Failed to get advertising image, set to default
2023-11-20 21:23:14,312 [FATAL] Updater:308 - Updater called before beeing initialized
2023-11-20 21:23:14,356 [ERROR] Updater:1120 - MainUpdater not yet initialized. External WinMGr cannot be set.
2023-11-20 21:23:14,358 [INFO] Updater:1056 - Updater Version found : 6.9.2
2023-11-20 21:23:14,387 [INFO] ApplicationProperties:184 - Using Application install path: C:\ST\STM32CubeIDE_1.13.2\STM32CubeIDE\plugins\com.st.stm32cube.common.mx_6.9.2.202309101412
2023-11-20 21:23:14,519 [INFO] MainUpdater:2868 - connection check result : 10
2023-11-20 21:23:14,520 [INFO] MainUpdater:285 - Updater Check For Update Now.
2023-11-20 21:23:14,521 [INFO] MicroXplorer:498 - Change Database Version : DB.6.0.92
2023-11-20 21:23:14,548 [INFO] McuFinderGlobals:63 - Set McuFinder mode to 2 (CubeIDE integrated)
2023-11-20 21:23:14,548 [INFO] UserAuth:179 - activating auth plugin
2023-11-20 21:23:14,553 [INFO] UserAuth:393 - Internet connection configuration mode: 1
2023-11-20 21:23:14,614 [INFO] JxBrowserEngine:151 - Initiate JxBrowser Engine with user profile folder
2023-11-20 21:23:14,714 [INFO] CheckServerUpdateThread:120 - End of CheckServer Thread
2023-11-20 21:23:16,220 [WARN] PackLoader:240 - Cannot read IP mode file for STMicroelectronics.X-CUBE-SMBUS.2.1.0
2023-11-20 21:23:16,290 [WARN] PackLoader:240 - Cannot read IP mode file for STMicroelectronics.X-CUBE-AZRTOS-F7.1.1.0
2023-11-20 21:23:16,311 [WARN] PackLoader:240 - Cannot read IP mode file for STMicroelectronics.FP-SNS-MOTENV1.4.3.2
2023-11-20 21:23:16,321 [WARN] PackLoader:240 - Cannot read IP mode file for STMicroelectronics.FP-SNS-FLIGHT1.5.0.2
2023-11-20 21:23:16,338 [WARN] PackLoader:240 - Cannot read IP mode file for STMicroelectronics.X-CUBE-DISPLAY.3.0.0
2023-11-20 21:23:16,369 [WARN] PackLoader:240 - Cannot read IP mode file for STMicroelectronics.X-CUBE-BLE1.7.0.0
2023-11-20 21:23:16,378 [WARN] PackLoader:240 - Cannot read IP mode file for emotas.I-CUBE-CANOPEN.1.3.0
2023-11-20 21:23:16,390 [WARN] PackLoader:240 - Cannot read IP mode file for STMicroelectronics.X-CUBE-TOUCHGFX.4.22.1
2023-11-20 21:23:16,396 [WARN] PackLoader:240 - Cannot read IP mode file for STMicroelectronics.FP-SNS-SMARTAG2.1.2.0
2023-11-20 21:23:16,417 [INFO] LogOutputStream:77 - [STDOUT_REDIRECT] 1 : Invalid condition id : UX_CORESTACK_Condition cause : null
2023-11-20 21:23:16,418 [INFO] LogOutputStream:77 - [STDOUT_REDIRECT] 1 : Invalid condition id : UX_CORESTACK_Condition cause : null
2023-11-20 21:23:16,421 [INFO] LogOutputStream:77 - [STDOUT_REDIRECT] 1 : Invalid condition id : UX_CORESTACK_Condition cause : null
2023-11-20 21:23:16,423 [INFO] LogOutputStream:77 - [STDOUT_REDIRECT] 1 : Invalid condition id : UX_CORESTACK_Condition cause : null
2023-11-20 21:23:16,425 [INFO] LogOutputStream:77 - [STDOUT_REDIRECT] 1 : Invalid condition id : UX_CORESTACK_Condition cause : null
2023-11-20 21:23:16,432 [WARN] PackLoader:240 - Cannot read IP mode file for STMicroelectronics.X-CUBE-AZRTOS-WL.2.0.0
2023-11-20 21:23:16,455 [WARN] PackLoader:240 - Cannot read IP mode file for WES.I-CUBE-Cesium.1.3.0
2023-11-20 21:23:16,464 [WARN] PackLoader:240 - Cannot read IP mode file for STMicroelectronics.X-CUBE-BLE2.3.3.0
2023-11-20 21:23:16,475 [WARN] PackLoader:240 - Cannot read IP mode file for STMicroelectronics.X-CUBE-ALGOBUILD.1.3.0
2023-11-20 21:23:16,510 [WARN] PackLoader:240 - Cannot read IP mode file for STMicroelectronics.X-CUBE-AZRTOS-G0.1.1.0
2023-11-20 21:23:16,521 [WARN] PackLoader:240 - Cannot read IP mode file for STMicroelectronics.X-CUBE-NFC4.3.0.0
2023-11-20 21:23:16,534 [WARN] PackLoader:240 - Cannot read IP mode file for STMicroelectronics.X-CUBE-BLEMGR.3.0.0
2023-11-20 21:23:16,541 [WARN] PackLoader:240 - Cannot read IP mode file for STMicroelectronics.FP-ATR-SIGFOX1.3.2.0
2023-11-20 21:23:16,550 [WARN] PackLoader:240 - Cannot read IP mode file for STMicroelectronics.X-CUBE-GNSS1.6.0.0
2023-11-20 21:23:16,571 [WARN] PackLoader:240 - Cannot read IP mode file for STMicroelectronics.X-CUBE-AZRTOS-F4.1.1.0
2023-11-20 21:23:16,582 [WARN] PackLoader:240 - Cannot read IP mode file for wolfSSL.I-CUBE-wolfSSL.5.6.4
2023-11-20 21:23:16,603 [WARN] PackLoader:240 - Cannot read IP mode file for STMicroelectronics.X-CUBE-AZRTOS-L5.2.0.0
2023-11-20 21:23:16,613 [WARN] PackLoader:240 - Cannot read IP mode file for STMicroelectronics.X-CUBE-EEPRMA1.4.2.0
2023-11-20 21:23:16,620 [WARN] PackLoader:240 - Cannot read IP mode file for ITTIA_DB.I-CUBE-ITTIADB.8.8.0
2023-11-20 21:23:16,655 [WARN] ConditionMgr:438 - getConditionDescription Invalid condition id : UX DEVICE CLASS RTOS Condition cause : null
2023-11-20 21:23:16,655 [WARN] ConditionMgr:438 - getConditionDescription Invalid condition id : UX DEVICE CLASS RTOS Condition cause : null
2023-11-20 21:23:16,661 [WARN] PackLoader:240 - Cannot read IP mode file for STMicroelectronics.X-CUBE-AZRTOS-H7.3.1.0
2023-11-20 21:23:16,663 [WARN] ConditionMgr:1039 - genDependencies : Invalid condition id : UX DEVICE CLASS RTOS Condition cause : null
2023-11-20 21:23:16,663 [WARN] ConditionMgr:1039 - genDependencies : Invalid condition id : UX DEVICE CLASS RTOS Condition cause : null
2023-11-20 21:23:16,665 [WARN] ConditionMgr:1039 - genDependencies : Invalid condition id : UX DEVICE CLASS RTOS Condition cause : null
2023-11-20 21:23:16,673 [WARN] ConditionMgr:1039 - genDependencies : Invalid condition id : UX DEVICE CLASS RTOS Condition cause : null
2023-11-20 21:23:16,673 [WARN] ConditionMgr:1039 - genDependencies : Invalid condition id : UX DEVICE CLASS RTOS Condition cause : null
2023-11-20 21:23:16,688 [WARN] PackLoader:240 - Cannot read IP mode file for STMicroelectronics.X-CUBE-NFC7.1.0.1
2023-11-20 21:23:16,700 [WARN] PackLoader:240 - Cannot read IP mode file for STMicroelectronics.X-CUBE-NFC6.3.0.0
2023-11-20 21:23:16,712 [WARN] PackLoader:240 - Cannot read IP mode file for STMicroelectronics.X-CUBE-AI.8.1.0
2023-11-20 21:23:16,730 [WARN] ConditionMgr:438 - getConditionDescription Invalid condition id : LAN8742 Phy interface Condition cause : null
2023-11-20 21:23:16,731 [WARN] PackLoader:240 - Cannot read IP mode file for STMicroelectronics.X-CUBE-AZRTOS-L4.2.0.0
2023-11-20 21:23:16,732 [WARN] ConditionMgr:1039 - genDependencies : Invalid condition id : LAN8742 Phy interface Condition cause : null
2023-11-20 21:23:16,733 [WARN] ConditionMgr:1039 - genDependencies : Invalid condition id : LAN8742 Phy interface Condition cause : null
2023-11-20 21:23:16,733 [WARN] ConditionMgr:1039 - genDependencies : Invalid condition id : LAN8742 Phy interface Condition cause : null
2023-11-20 21:23:16,740 [WARN] PackLoader:240 - Cannot read IP mode file for STMicroelectronics.X-CUBE-SFXS2LP1.4.0.0
2023-11-20 21:23:16,746 [WARN] PackLoader:240 - Cannot read IP mode file for STMicroelectronics.X-CUBE-ISPU.1.1.0
2023-11-20 21:23:16,758 [WARN] ConditionMgr:438 - getConditionDescription Invalid condition id : UX DEVICE CLASS RTOS Condition cause : null
2023-11-20 21:23:16,758 [WARN] ConditionMgr:438 - getConditionDescription Invalid condition id : UX DEVICE CLASS RTOS Condition cause : null
2023-11-20 21:23:16,761 [WARN] PackLoader:240 - Cannot read IP mode file for STMicroelectronics.X-CUBE-AZRTOS-WB.2.0.0
2023-11-20 21:23:16,761 [WARN] ConditionMgr:1039 - genDependencies : Invalid condition id : UX DEVICE CLASS RTOS Condition cause : null
2023-11-20 21:23:16,762 [WARN] ConditionMgr:1039 - genDependencies : Invalid condition id : UX DEVICE CLASS RTOS Condition cause : null
2023-11-20 21:23:16,762 [WARN] ConditionMgr:1039 - genDependencies : Invalid condition id : UX DEVICE CLASS RTOS Condition cause : null
2023-11-20 21:23:16,763 [WARN] ConditionMgr:1039 - genDependencies : Invalid condition id : UX DEVICE CLASS RTOS Condition cause : null
2023-11-20 21:23:16,763 [WARN] ConditionMgr:1039 - genDependencies : Invalid condition id : UX DEVICE CLASS RTOS Condition cause : null
2023-11-20 21:23:16,772 [WARN] PackLoader:240 - Cannot read IP mode file for STMicroelectronics.X-CUBE-SUBG2.5.0.0
2023-11-20 21:23:16,786 [WARN] PackLoader:240 - Cannot read IP mode file for STMicroelectronics.X-CUBE-TOF1.3.3.1
2023-11-20 21:23:16,801 [INFO] WebApp:157 - Instantiating new browser for Auth
2023-11-20 21:23:16,806 [WARN] PackLoader:240 - Cannot read IP mode file for STMicroelectronics.X-CUBE-AZRTOS-G4.2.0.0
2023-11-20 21:23:16,828 [WARN] PackLoader:240 - Cannot read IP mode file for Infineon.AIROC-Wi-Fi-Bluetooth-STM32.1.5.1
2023-11-20 21:23:16,848 [WARN] PackLoader:240 - Cannot read IP mode file for STMicroelectronics.FP-SNS-MOTENVWB1.1.3.0
2023-11-20 21:23:16,923 [WARN] PackLoader:240 - Cannot read IP mode file for STMicroelectronics.X-CUBE-MEMS1.10.0.0
2023-11-20 21:23:17,105 [WARN] PackLoader:240 - Cannot read IP mode file for STMicroelectronics.X-CUBE-FREERTOS.1.1.0
2023-11-20 21:23:17,112 [WARN] PackLoader:240 - Cannot read IP mode file for portGmbH.I-Cube-SoM-uGOAL.1.1.0
2023-11-20 21:23:17,119 [WARN] PackLoader:240 - Cannot read IP mode file for STMicroelectronics.X-CUBE-ALS.1.0.1
2023-11-20 21:23:17,125 [WARN] PackLoader:240 - Cannot read IP mode file for STMicroelectronics.FP-ATR-ASTRA1.2.0.0
2023-11-20 21:23:17,138 [WARN] PackLoader:240 - Cannot read IP mode file for STMicroelectronics.X-CUBE-TOF1.3.4.0
2023-11-20 21:23:17,152 [INFO] ThirdParty:978 - Integrity check success = true
2023-11-20 21:23:17,153 [INFO] IntegrityCheckThread:100 - exiting critical section [integrity check]
2023-11-20 21:23:17,153 [INFO] IntegrityCheckThread:103 - End integrity checks thread
2023-11-20 21:23:18,303 [INFO] WebApp:753 - Register for checkConnection events
2023-11-20 21:23:18,303 [INFO] WebApp:390 - Apply proxy settings
2023-11-20 21:23:18,303 [INFO] WebApp:475 - Chromium requires no authentication
2023-11-20 21:23:18,313 [INFO] WebApp:418 - Direct internet connection detected
2023-11-20 21:23:18,516 [INFO] WebApp:188 - Starting web application
2023-11-20 21:23:18,516 [INFO] WebApp:520 - Web application path used C:\ST\STM32CubeIDE_1.13.2\STM32CubeIDE\plugins\com.st.stm32cube.common.mx_6.9.2.202309101412\db\plugins\mcufinder\reactClient1\index.html
2023-11-20 21:23:26,544 [INFO] McuFinderGlobals:63 - Set McuFinder mode to 2 (CubeIDE integrated)
2023-11-20 21:23:26,548 [INFO] MainUpdater:2868 - connection check result : 10
2023-11-20 21:23:26,909 [INFO] ApiDb:581 - Connected to CubeFinder SQLite database (C:\Users\erics\.stmcufinder\plugins\mcufinder\mcu\cube-finder-db.db)
2023-11-20 21:23:27,190 [INFO] ApiDb:668 - CubeFinder database Data Model version=2.1
2023-11-20 21:23:27,190 [INFO] ApiDb:669 - CubeFinder database Configuration version=3.0.37
2023-11-20 21:23:27,191 [INFO] ApiDb:670 - CubeFinder database generation date=2023-10-13 (1697197505)
2023-11-20 21:23:27,191 [INFO] ApiDb:671 - CubeFinder database FW Pack versions=[FP-ATR-ASTRA1_V2.0.0, FP-SNS-FLIGHT1_V5.0.1, FP-SNS-FLIGHT1_V5.0.2, FP-SNS-MOTENV1_V4.3.1, FP-SNS-MOTENV1_V4.3.2, FP-SNS-SMARTAG2_V1.2.0, I-CUBE-ITTIADB_V8.6.3-1, STM32Cube_FW_C0_V1.1.0, STM32Cube_FW_F4_V1.27.1, STM32Cube_FW_F7_V1.17.0, STM32Cube_FW_G0_V1.6.1, STM32Cube_FW_G4_V1.5.1, STM32Cube_FW_H5_V0.5.1, STM32Cube_FW_H5_V1.1.1, STM32Cube_FW_H7_V1.11.0, STM32Cube_FW_L0_V1.12.2, STM32Cube_FW_L5_V1.5.0, STM32Cube_FW_U5_V1.3.0, STM32Cube_FW_U5_V1.3.0RC4, STM32Cube_FW_WBA_V1.0.0RC1, STM32Cube_FW_WBA_V1.1.0RC1, STM32Cube_FW_WBA_V1.1.1, STM32Cube_FW_WB_V1.15.0RC1, STM32Cube_FW_WB_V1.16.0, STM32Cube_FW_WB_V1.16.0RC2, STM32Cube_FW_WB_V1.17.3, STM32Cube_FW_WL_V1.3.0, X-CUBE-ALGOBUILD_V1.3.0, X-CUBE-ALS_V1.0.1, X-CUBE-AZRTOS-F4_V1.1.0, X-CUBE-AZRTOS-F7_V1.1.0, X-CUBE-AZRTOS-G0_V1.1.0, X-CUBE-AZRTOS-G4_V2.0.0, X-CUBE-AZRTOS-H7_V3.1.0, X-CUBE-AZRTOS-L4_V1.0.0, X-CUBE-AZRTOS-L4_V2.0.0, X-CUBE-AZRTOS-L5_V1.1.0, X-CUBE-AZRTOS-WB_V2.0.0, X-CUBE-AZRTOS-WL_V2.0.0, X-CUBE-BLE1_V7.0.0, X-CUBE-BLE2_V3.3.0, X-CUBE-BLEMGR_V2.0.0, X-CUBE-EEPRMA1_V4.1.0, X-CUBE-FREERTOS_V1.1.0, X-CUBE-GNSS1_V6.0.0, X-CUBE-MEMS1_V10.0.0, X-CUBE-MEMS1_V9.1.0, X-CUBE-MEMS1_V9.4.0, X-CUBE-MEMS1_V9.6.0, X-CUBE-NFC4_V3.0.0, X-CUBE-NFC7_V1.0.1, X-CUBE-SFXS2LP1_V4.0.0, X-CUBE-SUBG2_V5.0.0, X-CUBE-TOF1_V3.3.1]
2023-11-20 21:23:27,334 [INFO] DbBoardsSqlite:226 - include board P-NUCLEO-WB55-NUCLEO as a kit item of type 'Nucleo-64'
2023-11-20 21:23:27,334 [INFO] DbBoardsSqlite:226 - include board P-NUCLEO-WB55-USBDONGLE as a kit item of type 'Nucleo USB Dongle'
2023-11-20 21:23:27,336 [INFO] DbBoardsSqlite:226 - include board STEVAL-IDP005V1 as a kit item of type 'Evaluation Board'
2023-11-20 21:23:27,336 [INFO] DbBoardsSqlite:226 - include board STEVAL-IDP005V2 as a kit item of type 'Evaluation Board'
2023-11-20 21:23:27,722 [INFO] ApiDb:240 - Found 323 in-development CPN: [B-G473E-ZEST1S, B-WB1M-WPAN1, B-WL5M-SUBG1, NUCLEO-C031C6, NUCLEO-H503RB, NUCLEO-H563ZI, NUCLEO-U545RE-Q, NUCLEO-U5A5ZJ-Q, NUCLEO-WBA52CG, STEVAL-PROTEUS1, STEVAL-SMARTAG2, STEVAL-STWINBX1, STM320518-EVAL, STM32C0116-DK, STM32C011D6Y3TR, STM32C011D6Y6TR, STM32C011F4P3, STM32C011F4P6, STM32C011F4U3, STM32C011F4U6TR, STM32C011F6P3, STM32C011F6P6, STM32C011F6U3, STM32C011F6U6TR, STM32C011J4M3, STM32C011J4M6, STM32C011J6M3, STM32C011J6M6, STM32C0316-DK, STM32C031C4T3, STM32C031C4T6, STM32C031C4U3, STM32C031C4U6, STM32C031C6T3, STM32C031C6T6, STM32C031C6U3, STM32C031C6U6, STM32C031F4P3, STM32C031F4P6, STM32C031F6P3, STM32C031F6P6, STM32C031G4U3, STM32C031G4U6, STM32C031G6U3, STM32C031G6U6, STM32C031K4T3, STM32C031K4T6, STM32C031K4U3, STM32C031K4U6, STM32C031K6T3, STM32C031K6T6, STM32C031K6U3, STM32C031K6U6, STM32G071K8TXN, STM32G071K8UXN, STM32G081GBU6N, STM32G081KBT6N, STM32G081KBUXN, STM32G0B1CCT6N, STM32G0B1KCT6, STM32G0B1NEY6TR, STM32G0B1RCT6N, STM32G0C1CCT6, STM32G0C1CCT6N, STM32G0C1CCU6N, STM32G0C1CET6N, STM32G0C1CEU6N, STM32G0C1KCT6, STM32G0C1NEY6TR, STM32G0C1RCI6N, STM32G0C1RCT6N, STM32G0C1REI6N, STM32G0C1RET6N, STM32G0C1VCI6, STM32G0C1VEI6, STM32G471CCT6, STM32G471CCU6, STM32G471CET3, STM32G471CET6, STM32G471CEU3, STM32G471CEU6, STM32G471MCT6, STM32G471MET3, STM32G471MET6, STM32G471MEY6TR, STM32G471QCT6, STM32G471QET3, STM32G471RCT6, STM32G471RET3, STM32G471RET6, STM32G471VCH6, STM32G471VCI6, STM32G471VCT6, STM32G471VEH3, STM32G471VEH6, STM32G471VEI3, STM32G471VEI6, STM32G471VET3, STM32G471VET6, STM32G474CCT6, STM32H503CBT6, STM32H503CBU6, STM32H503EBY6TR, STM32H503KBU6, STM32H503RBT6, STM32H562AGI6, STM32H562AII6, STM32H562IGK6, STM32H562IGT6, STM32H562IIK6, STM32H562IIT6, STM32H562RGT6, STM32H562RGV6, STM32H562RIT6, STM32H562RIV6, STM32H562VGT6, STM32H562VIT6, STM32H562ZGT6, STM32H562ZIT6, STM32H563AGI6, STM32H563AII3Q, STM32H563AII6, STM32H563IGK6, STM32H563IGT6, STM32H563IIK3Q, STM32H563IIK6, STM32H563IIT3Q, STM32H563IIT6, STM32H563MIY3QTR, STM32H563RGT6, STM32H563RGV6, STM32H563RIT6, STM32H563RIV6, STM32H563VGT6, STM32H563VIT3Q, STM32H563VIT6, STM32H563ZGT6, STM32H563ZIT3Q, STM32H563ZIT6, STM32H573AII3Q, STM32H573AII6, STM32H573I-DK, STM32H573IIK3Q, STM32H573IIK6, STM32H573IIT3Q, STM32H573IIT6, STM32H573MIY3QTR, STM32H573RIT6, STM32H573RIV6, STM32H573VIT3Q, STM32H573VIT6, STM32H573ZIT3Q, STM32H573ZIT6, STM32L4R5QGI6STR, STM32MP131AAE3, STM32MP131AAF3, STM32MP131AAG3, STM32MP131CAE3, STM32MP131CAF3, STM32MP131CAG3, STM32MP131DAE7, STM32MP131DAF7, STM32MP131DAG7, STM32MP131FAE7, STM32MP131FAF7, STM32MP131FAG7, STM32MP133AAE3, STM32MP133AAF3, STM32MP133AAG3, STM32MP133CAE3, STM32MP133CAF3, STM32MP133CAG3, STM32MP133DAE7, STM32MP133DAF7, STM32MP133DAG7, STM32MP133FAE7, STM32MP133FAF7, STM32MP133FAG7, STM32MP135AAE3, STM32MP135AAF3, STM32MP135AAG3, STM32MP135CAE3, STM32MP135CAF3, STM32MP135CAG3, STM32MP135DAE7, STM32MP135DAF7, STM32MP135DAG7, STM32MP135F-DK, STM32MP135FAE7, STM32MP135FAF7, STM32MP135FAF7T, STM32MP135FAF7U, STM32MP135FAG7, STM32U535CBT6, STM32U535CBT6Q, STM32U535CBU6, STM32U535CBU6Q, STM32U535CCT6, STM32U535CCT6Q, STM32U535CCU6, STM32U535CCU6Q, STM32U535CET6, STM32U535CET6Q, STM32U535CEU6, STM32U535CEU6Q, STM32U535JEY6QTR, STM32U535NCY6QTR, STM32U535NEY6QTR, STM32U535RBI6, STM32U535RBI6Q, STM32U535RBT6, STM32U535RBT6Q, STM32U535RCI6, STM32U535RCI6Q, STM32U535RCT6, STM32U535RCT6Q, STM32U535REI6, STM32U535REI6Q, STM32U535RET6, STM32U535RET6Q, STM32U535VCI6, STM32U535VCI6Q, STM32U535VCT6, STM32U535VCT6Q, STM32U535VEI6, STM32U535VEI6Q, STM32U535VET6, STM32U535VET6Q, STM32U545CET6, STM32U545CET6Q, STM32U545CEU6, STM32U545CEU6Q, STM32U545JEY6QTR, STM32U545NEY6QTR, STM32U545REI6, STM32U545REI6Q, STM32U545RET6, STM32U545RET6Q, STM32U545VEI6, STM32U545VEI6Q, STM32U545VET6, STM32U545VET6Q, STM32U595AIH6, STM32U595AIH6Q, STM32U595AJH6, STM32U595AJH6Q, STM32U595QII6, STM32U595QII6Q, STM32U595QJI6, STM32U595QJI6Q, STM32U595RIT6, STM32U595RIT6Q, STM32U595RJT6, STM32U595RJT6Q, STM32U595VIT6, STM32U595VIT6Q, STM32U595VJT6, STM32U595VJT6Q, STM32U595ZIT6, STM32U595ZIT6Q, STM32U595ZIY6QTR, STM32U595ZJT6, STM32U595ZJT6Q, STM32U595ZJY6QTR, STM32U599BJY6QTR, STM32U599NIH6Q, STM32U599NJH6Q, STM32U599VIT6Q, STM32U599VJT6, STM32U599VJT6Q, STM32U599ZIT6Q, STM32U599ZIY6QTR, STM32U599ZJT6Q, STM32U599ZJY6QTR, STM32U5A5AJH6, STM32U5A5AJH6Q, STM32U5A5QJI6, STM32U5A5QJI6Q, STM32U5A5RJT6, STM32U5A5RJT6Q, STM32U5A5VJT6, STM32U5A5VJT6Q, STM32U5A5ZJT6, STM32U5A5ZJT6Q, STM32U5A5ZJY6QTR, STM32U5A9BJY6QTR, STM32U5A9J-DK, STM32U5A9NJH6Q, STM32U5A9VJT6Q, STM32U5A9ZJT6Q, STM32U5A9ZJY6QTR, STM32U5F7VIT6, STM32U5F7VIT6Q, STM32U5F7VJT6, STM32U5F7VJT6Q, STM32U5F9BJY6QTR, STM32U5F9NJH6Q, STM32U5F9VIT6Q, STM32U5F9VJT6Q, STM32U5F9ZIJ6QTR, STM32U5F9ZIT6Q, STM32U5F9ZJJ6QTR, STM32U5F9ZJT6Q, STM32U5G7VJT6, STM32U5G7VJT6Q, STM32U5G9BJY6QTR, STM32U5G9J-DK1, STM32U5G9J-DK2, STM32U5G9NJH6Q, STM32U5G9VJT6Q, STM32U5G9ZJJ6QTR, STM32U5G9ZJT6Q, STM32WB1MMCH6, STM32WBA52CEU6, STM32WBA52CEU6T, STM32WBA52CGU6, STM32WBA52CGU6T, STM32WBA52KEU6, STM32WBA52KEU6T, STM32WBA52KGU6, STM32WBA52KGU6T, STM32WL5MOCH6, STM32WL5MOCH6TR]
2023-11-20 21:23:27,823 [INFO] BoardInfo:880 - No configuration file found for board P-NUCLEO-WB55
2023-11-20 21:23:27,824 [INFO] DbBoards:157 - Kit is not supported: P-NUCLEO-WB55
2023-11-20 21:23:27,828 [INFO] BoardInfo:880 - No configuration file found for board STEVAL-BFA001V1B
2023-11-20 21:23:27,828 [INFO] DbBoards:157 - Kit is not supported: STEVAL-BFA001V1B
2023-11-20 21:23:27,829 [INFO] BoardInfo:880 - No configuration file found for board STEVAL-BFA001V2B
2023-11-20 21:23:27,830 [INFO] DbBoards:157 - Kit is not supported: STEVAL-BFA001V2B
2023-11-20 21:23:27,948 [INFO] DbBoards:161 - Found 190 boards, 187 are supported
2023-11-20 21:23:27,951 [INFO] ApiDb:668 - CubeFinder database Data Model version=2.1
2023-11-20 21:23:27,951 [INFO] ApiDb:669 - CubeFinder database Configuration version=3.0.37
2023-11-20 21:23:27,951 [INFO] ApiDb:670 - CubeFinder database generation date=2023-10-13 (1697197505)
2023-11-20 21:23:27,951 [INFO] ApiDb:671 - CubeFinder database FW Pack versions=[FP-ATR-ASTRA1_V2.0.0, FP-SNS-FLIGHT1_V5.0.1, FP-SNS-FLIGHT1_V5.0.2, FP-SNS-MOTENV1_V4.3.1, FP-SNS-MOTENV1_V4.3.2, FP-SNS-SMARTAG2_V1.2.0, I-CUBE-ITTIADB_V8.6.3-1, STM32Cube_FW_C0_V1.1.0, STM32Cube_FW_F4_V1.27.1, STM32Cube_FW_F7_V1.17.0, STM32Cube_FW_G0_V1.6.1, STM32Cube_FW_G4_V1.5.1, STM32Cube_FW_H5_V0.5.1, STM32Cube_FW_H5_V1.1.1, STM32Cube_FW_H7_V1.11.0, STM32Cube_FW_L0_V1.12.2, STM32Cube_FW_L5_V1.5.0, STM32Cube_FW_U5_V1.3.0, STM32Cube_FW_U5_V1.3.0RC4, STM32Cube_FW_WBA_V1.0.0RC1, STM32Cube_FW_WBA_V1.1.0RC1, STM32Cube_FW_WBA_V1.1.1, STM32Cube_FW_WB_V1.15.0RC1, STM32Cube_FW_WB_V1.16.0, STM32Cube_FW_WB_V1.16.0RC2, STM32Cube_FW_WB_V1.17.3, STM32Cube_FW_WL_V1.3.0, X-CUBE-ALGOBUILD_V1.3.0, X-CUBE-ALS_V1.0.1, X-CUBE-AZRTOS-F4_V1.1.0, X-CUBE-AZRTOS-F7_V1.1.0, X-CUBE-AZRTOS-G0_V1.1.0, X-CUBE-AZRTOS-G4_V2.0.0, X-CUBE-AZRTOS-H7_V3.1.0, X-CUBE-AZRTOS-L4_V1.0.0, X-CUBE-AZRTOS-L4_V2.0.0, X-CUBE-AZRTOS-L5_V1.1.0, X-CUBE-AZRTOS-WB_V2.0.0, X-CUBE-AZRTOS-WL_V2.0.0, X-CUBE-BLE1_V7.0.0, X-CUBE-BLE2_V3.3.0, X-CUBE-BLEMGR_V2.0.0, X-CUBE-EEPRMA1_V4.1.0, X-CUBE-FREERTOS_V1.1.0, X-CUBE-GNSS1_V6.0.0, X-CUBE-MEMS1_V10.0.0, X-CUBE-MEMS1_V9.1.0, X-CUBE-MEMS1_V9.4.0, X-CUBE-MEMS1_V9.6.0, X-CUBE-NFC4_V3.0.0, X-CUBE-NFC7_V1.0.1, X-CUBE-SFXS2LP1_V4.0.0, X-CUBE-SUBG2_V5.0.0, X-CUBE-TOF1_V3.3.1]
2023-11-20 21:23:29,705 [INFO] ApiDb:240 - Found 323 in-development CPN: [B-G473E-ZEST1S, B-WB1M-WPAN1, B-WL5M-SUBG1, NUCLEO-C031C6, NUCLEO-H503RB, NUCLEO-H563ZI, NUCLEO-U545RE-Q, NUCLEO-U5A5ZJ-Q, NUCLEO-WBA52CG, STEVAL-PROTEUS1, STEVAL-SMARTAG2, STEVAL-STWINBX1, STM320518-EVAL, STM32C0116-DK, STM32C011D6Y3TR, STM32C011D6Y6TR, STM32C011F4P3, STM32C011F4P6, STM32C011F4U3, STM32C011F4U6TR, STM32C011F6P3, STM32C011F6P6, STM32C011F6U3, STM32C011F6U6TR, STM32C011J4M3, STM32C011J4M6, STM32C011J6M3, STM32C011J6M6, STM32C0316-DK, STM32C031C4T3, STM32C031C4T6, STM32C031C4U3, STM32C031C4U6, STM32C031C6T3, STM32C031C6T6, STM32C031C6U3, STM32C031C6U6, STM32C031F4P3, STM32C031F4P6, STM32C031F6P3, STM32C031F6P6, STM32C031G4U3, STM32C031G4U6, STM32C031G6U3, STM32C031G6U6, STM32C031K4T3, STM32C031K4T6, STM32C031K4U3, STM32C031K4U6, STM32C031K6T3, STM32C031K6T6, STM32C031K6U3, STM32C031K6U6, STM32G071K8TXN, STM32G071K8UXN, STM32G081GBU6N, STM32G081KBT6N, STM32G081KBUXN, STM32G0B1CCT6N, STM32G0B1KCT6, STM32G0B1NEY6TR, STM32G0B1RCT6N, STM32G0C1CCT6, STM32G0C1CCT6N, STM32G0C1CCU6N, STM32G0C1CET6N, STM32G0C1CEU6N, STM32G0C1KCT6, STM32G0C1NEY6TR, STM32G0C1RCI6N, STM32G0C1RCT6N, STM32G0C1REI6N, STM32G0C1RET6N, STM32G0C1VCI6, STM32G0C1VEI6, STM32G471CCT6, STM32G471CCU6, STM32G471CET3, STM32G471CET6, STM32G471CEU3, STM32G471CEU6, STM32G471MCT6, STM32G471MET3, STM32G471MET6, STM32G471MEY6TR, STM32G471QCT6, STM32G471QET3, STM32G471RCT6, STM32G471RET3, STM32G471RET6, STM32G471VCH6, STM32G471VCI6, STM32G471VCT6, STM32G471VEH3, STM32G471VEH6, STM32G471VEI3, STM32G471VEI6, STM32G471VET3, STM32G471VET6, STM32G474CCT6, STM32H503CBT6, STM32H503CBU6, STM32H503EBY6TR, STM32H503KBU6, STM32H503RBT6, STM32H562AGI6, STM32H562AII6, STM32H562IGK6, STM32H562IGT6, STM32H562IIK6, STM32H562IIT6, STM32H562RGT6, STM32H562RGV6, STM32H562RIT6, STM32H562RIV6, STM32H562VGT6, STM32H562VIT6, STM32H562ZGT6, STM32H562ZIT6, STM32H563AGI6, STM32H563AII3Q, STM32H563AII6, STM32H563IGK6, STM32H563IGT6, STM32H563IIK3Q, STM32H563IIK6, STM32H563IIT3Q, STM32H563IIT6, STM32H563MIY3QTR, STM32H563RGT6, STM32H563RGV6, STM32H563RIT6, STM32H563RIV6, STM32H563VGT6, STM32H563VIT3Q, STM32H563VIT6, STM32H563ZGT6, STM32H563ZIT3Q, STM32H563ZIT6, STM32H573AII3Q, STM32H573AII6, STM32H573I-DK, STM32H573IIK3Q, STM32H573IIK6, STM32H573IIT3Q, STM32H573IIT6, STM32H573MIY3QTR, STM32H573RIT6, STM32H573RIV6, STM32H573VIT3Q, STM32H573VIT6, STM32H573ZIT3Q, STM32H573ZIT6, STM32L4R5QGI6STR, STM32MP131AAE3, STM32MP131AAF3, STM32MP131AAG3, STM32MP131CAE3, STM32MP131CAF3, STM32MP131CAG3, STM32MP131DAE7, STM32MP131DAF7, STM32MP131DAG7, STM32MP131FAE7, STM32MP131FAF7, STM32MP131FAG7, STM32MP133AAE3, STM32MP133AAF3, STM32MP133AAG3, STM32MP133CAE3, STM32MP133CAF3, STM32MP133CAG3, STM32MP133DAE7, STM32MP133DAF7, STM32MP133DAG7, STM32MP133FAE7, STM32MP133FAF7, STM32MP133FAG7, STM32MP135AAE3, STM32MP135AAF3, STM32MP135AAG3, STM32MP135CAE3, STM32MP135CAF3, STM32MP135CAG3, STM32MP135DAE7, STM32MP135DAF7, STM32MP135DAG7, STM32MP135F-DK, STM32MP135FAE7, STM32MP135FAF7, STM32MP135FAF7T, STM32MP135FAF7U, STM32MP135FAG7, STM32U535CBT6, STM32U535CBT6Q, STM32U535CBU6, STM32U535CBU6Q, STM32U535CCT6, STM32U535CCT6Q, STM32U535CCU6, STM32U535CCU6Q, STM32U535CET6, STM32U535CET6Q, STM32U535CEU6, STM32U535CEU6Q, STM32U535JEY6QTR, STM32U535NCY6QTR, STM32U535NEY6QTR, STM32U535RBI6, STM32U535RBI6Q, STM32U535RBT6, STM32U535RBT6Q, STM32U535RCI6, STM32U535RCI6Q, STM32U535RCT6, STM32U535RCT6Q, STM32U535REI6, STM32U535REI6Q, STM32U535RET6, STM32U535RET6Q, STM32U535VCI6, STM32U535VCI6Q, STM32U535VCT6, STM32U535VCT6Q, STM32U535VEI6, STM32U535VEI6Q, STM32U535VET6, STM32U535VET6Q, STM32U545CET6, STM32U545CET6Q, STM32U545CEU6, STM32U545CEU6Q, STM32U545JEY6QTR, STM32U545NEY6QTR, STM32U545REI6, STM32U545REI6Q, STM32U545RET6, STM32U545RET6Q, STM32U545VEI6, STM32U545VEI6Q, STM32U545VET6, STM32U545VET6Q, STM32U595AIH6, STM32U595AIH6Q, STM32U595AJH6, STM32U595AJH6Q, STM32U595QII6, STM32U595QII6Q, STM32U595QJI6, STM32U595QJI6Q, STM32U595RIT6, STM32U595RIT6Q, STM32U595RJT6, STM32U595RJT6Q, STM32U595VIT6, STM32U595VIT6Q, STM32U595VJT6, STM32U595VJT6Q, STM32U595ZIT6, STM32U595ZIT6Q, STM32U595ZIY6QTR, STM32U595ZJT6, STM32U595ZJT6Q, STM32U595ZJY6QTR, STM32U599BJY6QTR, STM32U599NIH6Q, STM32U599NJH6Q, STM32U599VIT6Q, STM32U599VJT6, STM32U599VJT6Q, STM32U599ZIT6Q, STM32U599ZIY6QTR, STM32U599ZJT6Q, STM32U599ZJY6QTR, STM32U5A5AJH6, STM32U5A5AJH6Q, STM32U5A5QJI6, STM32U5A5QJI6Q, STM32U5A5RJT6, STM32U5A5RJT6Q, STM32U5A5VJT6, STM32U5A5VJT6Q, STM32U5A5ZJT6, STM32U5A5ZJT6Q, STM32U5A5ZJY6QTR, STM32U5A9BJY6QTR, STM32U5A9J-DK, STM32U5A9NJH6Q, STM32U5A9VJT6Q, STM32U5A9ZJT6Q, STM32U5A9ZJY6QTR, STM32U5F7VIT6, STM32U5F7VIT6Q, STM32U5F7VJT6, STM32U5F7VJT6Q, STM32U5F9BJY6QTR, STM32U5F9NJH6Q, STM32U5F9VIT6Q, STM32U5F9VJT6Q, STM32U5F9ZIJ6QTR, STM32U5F9ZIT6Q, STM32U5F9ZJJ6QTR, STM32U5F9ZJT6Q, STM32U5G7VJT6, STM32U5G7VJT6Q, STM32U5G9BJY6QTR, STM32U5G9J-DK1, STM32U5G9J-DK2, STM32U5G9NJH6Q, STM32U5G9VJT6Q, STM32U5G9ZJJ6QTR, STM32U5G9ZJT6Q, STM32WB1MMCH6, STM32WBA52CEU6, STM32WBA52CEU6T, STM32WBA52CGU6, STM32WBA52CGU6T, STM32WBA52KEU6, STM32WBA52KEU6T, STM32WBA52KGU6, STM32WBA52KGU6T, STM32WL5MOCH6, STM32WL5MOCH6TR]
2023-11-20 21:23:29,710 [INFO] DbMcus:217 - Found 3848 MCUs, 3848 are supported
2023-11-20 21:23:29,711 [INFO] ApiDb:423 - Load user favorites file C:\Users\erics/.stm32cubeide/favorites.mcus.txt: 0 item(s)
2023-11-20 21:23:29,711 [INFO] ApiDb:427 - User favorites MCUs=[]
2023-11-20 21:23:29,711 [INFO] DbMcus:223 - Set 0 / 0 favorites MCUs
2023-11-20 21:23:29,930 [INFO] ApiDb:423 - Load user favorites file C:\Users\erics/.stm32cubeide/favorites.boards.txt: 0 item(s)
2023-11-20 21:23:29,930 [INFO] ApiDb:427 - User favorites Boards=[]
2023-11-20 21:23:29,930 [INFO] DbBoards:190 - Set 0 / 0 favorites Boards
2023-11-20 21:23:29,930 [INFO] McuFinderGlobals:76 - Set McuFinderConnectedMode to true
2023-11-20 21:23:29,938 [INFO] MultiScanPanel:200 - Auto-refresh data requested => check proxy status ongoing
2023-11-20 21:23:29,941 [INFO] FinderPluginLoader:95 - Searching for filters in installed packs
2023-11-20 21:23:31,222 [INFO] LoadUrlFilesThread:185 - End of LoadServerUrlFiles without Thread
2023-11-20 21:23:31,230 [INFO] DetailPanel:341 - Set advertising image to C:/Users/erics/STM32Cube/Repository/\en.prom-stm32h5-mcu-finder.jpg
2023-11-20 21:23:39,441 [ERROR] LogOutputStream:75 - [STDERR_REDIRECT] SLF4J: Failed to load class "org.slf4j.impl.StaticLoggerBinder".
2023-11-20 21:23:39,441 [ERROR] LogOutputStream:75 - [STDERR_REDIRECT] SLF4J: Defaulting to no-operation (NOP) logger implementation
2023-11-20 21:23:39,442 [ERROR] LogOutputStream:75 - [STDERR_REDIRECT] SLF4J: See http://www.slf4j.org/codes.html#StaticLoggerBinder for further details.
2023-11-20 21:25:09,996 [INFO] MainUpdater:2868 - connection check result : 10
2023-11-20 21:25:09,997 [INFO] MainUpdater:2868 - connection check result : 10
2023-11-20 21:25:10,013 [INFO] MicroXplorer:468 - Change Database Path : 
2023-11-20 21:25:10,013 [INFO] MicroXplorer:498 - Change Database Version : DB.6.0.92
2023-11-20 21:25:10,019 [WARN] ThirdParty:871 - waiting for thirdparty lock release [close project]
2023-11-20 21:25:10,019 [INFO] ThirdParty:873 - entering critical section [close project]
2023-11-20 21:25:10,020 [INFO] ThirdParty:883 - exiting critical section [close project]
2023-11-20 21:25:10,022 [INFO] PinOutPanel:1499 - setPackage(No Configuration,No Configuration)
2023-11-20 21:25:10,026 [INFO] UtilMem:75 - Begin LoadConfig() Used Memory: 600830432 Bytes (797966336)
2023-11-20 21:25:10,027 [INFO] MicroXplorer:468 - Change Database Path : 
2023-11-20 21:25:10,027 [INFO] MicroXplorer:498 - Change Database Version : DB.6.0.92
2023-11-20 21:25:10,027 [INFO] OpenFileManager:308 - Change cursor
2023-11-20 21:25:10,095 [INFO] Mcu:1946 - Initializing MCU STM32F103C6Tx STM32F103C6Tx STM32F103C6T6A
2023-11-20 21:25:10,904 [INFO] Context:659 - Trying to add GPIOservice into a context  which must be forbidden
2023-11-20 21:25:11,113 [INFO] ImportTextPane:194 - (OptionalMessage_ERROR) Unable to find key (Mcu.ThirdPartyNb) in loaded IOC file
2023-11-20 21:25:11,113 [INFO] ImportTextPane:194 - (OptionalMessage_ERROR) Unable to find key (Mcu.PinsNb) in loaded IOC file
2023-11-20 21:25:11,113 [INFO] ImportTextPane:194 - (OptionalMessage_ERROR) Unable to find key (Mcu.IPNb) in loaded IOC file
2023-11-20 21:25:11,226 [INFO] RtosManager:555 - Registered RTOS mode: class=CMSIS, group=RTOS, mode=CMSIS_V1, owner=FREERTOS
2023-11-20 21:25:11,226 [INFO] RtosManager:555 - Registered RTOS mode: class=CMSIS, group=RTOS2, mode=CMSIS_V2, owner=FREERTOS
2023-11-20 21:25:11,226 [INFO] RtosManager:555 - Registered RTOS mode: class=RTOS, group=Core, mode=CMSIS_V1, owner=FREERTOS
2023-11-20 21:25:11,226 [INFO] RtosManager:555 - Registered RTOS mode: class=RTOS, group=Core, mode=CMSIS_V2, owner=FREERTOS
2023-11-20 21:25:11,227 [WARN] ModelIntegratedComponent:184 - Missing modes for component STMicroelectronics:FreeRTOS:0.0.1:STMicroelectronics:RTOS:FreeRTOS:Core:::10.2.0:
2023-11-20 21:25:11,252 [WARN] ModelIntegratedComponent:63 - No mode defined for component null
2023-11-20 21:25:11,252 [WARN] ModelIntegratedComponent:63 - No mode defined for component null
2023-11-20 21:25:11,252 [WARN] ModelIntegratedComponent:63 - No mode defined for component null
2023-11-20 21:25:11,252 [WARN] ModelIntegratedComponent:63 - No mode defined for component null
2023-11-20 21:25:11,252 [WARN] ModelIntegratedComponent:63 - No mode defined for component null
2023-11-20 21:25:11,252 [WARN] ModelIntegratedComponent:63 - No mode defined for component null
2023-11-20 21:25:11,252 [WARN] ModelIntegratedComponent:63 - No mode defined for component null
2023-11-20 21:25:11,252 [WARN] ModelIntegratedComponent:63 - No mode defined for component null
2023-11-20 21:25:11,252 [WARN] ModelIntegratedComponent:63 - No mode defined for component null
2023-11-20 21:25:11,252 [WARN] ModelIntegratedComponent:63 - No mode defined for component null
2023-11-20 21:25:11,252 [WARN] ModelIntegratedComponent:63 - No mode defined for component null
2023-11-20 21:25:11,252 [WARN] ModelIntegratedComponent:63 - No mode defined for component null
2023-11-20 21:25:11,252 [WARN] ModelIntegratedComponent:63 - No mode defined for component null
2023-11-20 21:25:11,252 [WARN] ModelIntegratedComponent:63 - No mode defined for component null
2023-11-20 21:25:11,252 [WARN] ModelIntegratedComponent:63 - No mode defined for component null
2023-11-20 21:25:11,252 [WARN] ModelIntegratedComponent:63 - No mode defined for component null
2023-11-20 21:25:11,252 [WARN] ModelIntegratedComponent:63 - No mode defined for component null
2023-11-20 21:25:11,252 [WARN] ModelIntegratedComponent:63 - No mode defined for component null
2023-11-20 21:25:11,252 [WARN] ModelIntegratedComponent:63 - No mode defined for component null
2023-11-20 21:25:11,252 [WARN] ModelIntegratedComponent:63 - No mode defined for component null
2023-11-20 21:25:11,252 [WARN] ModelIntegratedComponent:63 - No mode defined for component null
2023-11-20 21:25:11,252 [WARN] ModelIntegratedComponent:63 - No mode defined for component null
2023-11-20 21:25:11,254 [WARN] ModelIntegratedComponent:63 - No mode defined for component null
2023-11-20 21:25:11,254 [WARN] ModelIntegratedComponent:63 - No mode defined for component null
2023-11-20 21:25:11,254 [WARN] ModelIntegratedComponent:63 - No mode defined for component null
2023-11-20 21:25:11,254 [WARN] ModelIntegratedComponent:63 - No mode defined for component null
2023-11-20 21:25:11,254 [WARN] ModelIntegratedComponent:63 - No mode defined for component null
2023-11-20 21:25:11,254 [WARN] ModelIntegratedComponent:63 - No mode defined for component null
2023-11-20 21:25:11,254 [WARN] ModelIntegratedComponent:63 - No mode defined for component null
2023-11-20 21:25:11,254 [WARN] ModelIntegratedComponent:63 - No mode defined for component null
2023-11-20 21:25:11,254 [WARN] ModelIntegratedComponent:63 - No mode defined for component null
2023-11-20 21:25:11,254 [WARN] ModelIntegratedComponent:63 - No mode defined for component null
2023-11-20 21:25:11,254 [WARN] ModelIntegratedComponent:63 - No mode defined for component null
2023-11-20 21:25:11,413 [INFO] ThirdPartyModel:298 - Start build external matchings
2023-11-20 21:25:11,748 [INFO] ThirdPartyModel:316 - End build external matchings
2023-11-20 21:25:11,972 [INFO] UtilMem:75 - End LoadConfig() Used Memory: 487287424 Bytes (1055916032)
2023-11-20 21:25:12,011 [WARN] ThirdParty:833 - waiting for thirdparty lock release [change project]
2023-11-20 21:25:12,012 [INFO] ThirdParty:835 - entering critical section [change project]
2023-11-20 21:25:12,012 [INFO] ThirdParty:1030 - CMSIS Pack Vendor :STMicroelectronics X-CUBE-ISPU 1.1.0
2023-11-20 21:25:12,012 [INFO] ThirdParty:1030 - CMSIS Pack Vendor :STMicroelectronics USBPD 4.1
2023-11-20 21:25:12,012 [INFO] ThirdParty:1030 - CMSIS Pack Vendor :STMicroelectronics X-CUBE-GNSS1 6.0.0
2023-11-20 21:25:12,012 [INFO] ThirdParty:1030 - CMSIS Pack Vendor :STMicroelectronics USB_HOST 2.0.0
2023-11-20 21:25:12,012 [INFO] ThirdParty:1030 - CMSIS Pack Vendor :STMicroelectronics X-CUBE-AZRTOS-F4 1.1.0
2023-11-20 21:25:12,012 [INFO] ThirdParty:1030 - CMSIS Pack Vendor :STMicroelectronics LIBJPEG 8.0.0
2023-11-20 21:25:12,012 [INFO] ThirdParty:1030 - CMSIS Pack Vendor :wolfSSL I-CUBE-wolfSSL 5.6.4
2023-11-20 21:25:12,012 [INFO] ThirdParty:1030 - CMSIS Pack Vendor :STMicroelectronics X-CUBE-SMBUS 2.1.0
2023-11-20 21:25:12,012 [INFO] ThirdParty:1030 - CMSIS Pack Vendor :STMicroelectronics USB_DEVICE 3.0.0
2023-11-20 21:25:12,012 [INFO] ThirdParty:1030 - CMSIS Pack Vendor :STMicroelectronics X-CUBE-AZRTOS-WB 2.0.0
2023-11-20 21:25:12,012 [INFO] ThirdParty:1030 - CMSIS Pack Vendor :STMicroelectronics X-CUBE-AZRTOS-F7 1.1.0
2023-11-20 21:25:12,012 [INFO] ThirdParty:1030 - CMSIS Pack Vendor :STMicroelectronics X-CUBE-AZRTOS-L5 2.0.0
2023-11-20 21:25:12,012 [INFO] ThirdParty:1030 - CMSIS Pack Vendor :STMicroelectronics USB_DEVICE 2.0.0
2023-11-20 21:25:12,012 [INFO] ThirdParty:1030 - CMSIS Pack Vendor :STMicroelectronics X-CUBE-EEPRMA1 4.2.0
2023-11-20 21:25:12,012 [INFO] ThirdParty:1030 - CMSIS Pack Vendor :ITTIA_DB I-CUBE-ITTIADB 8.8.0
2023-11-20 21:25:12,012 [INFO] ThirdParty:1030 - CMSIS Pack Vendor :STMicroelectronics FP-SNS-MOTENV1 4.3.2
2023-11-20 21:25:12,012 [INFO] ThirdParty:1030 - CMSIS Pack Vendor :STMicroelectronics X-CUBE-ALGOBUILD 1.3.0
2023-11-20 21:25:12,012 [INFO] ThirdParty:1030 - CMSIS Pack Vendor :STMicroelectronics FreeRTOS 0.0.1
2023-11-20 21:25:12,012 [INFO] ThirdParty:1030 - CMSIS Pack Vendor :STMicroelectronics X-CUBE-AZRTOS-G0 1.1.0
2023-11-20 21:25:12,012 [INFO] ThirdParty:1030 - CMSIS Pack Vendor :STMicroelectronics X-CUBE-NFC4 3.0.0
2023-11-20 21:25:12,012 [INFO] ThirdParty:1030 - CMSIS Pack Vendor :STMicroelectronics X-CUBE-SUBG2 5.0.0
2023-11-20 21:25:12,012 [INFO] ThirdParty:1030 - CMSIS Pack Vendor :STMicroelectronics STM32_WPAN 1.0.0
2023-11-20 21:25:12,012 [INFO] ThirdParty:1030 - CMSIS Pack Vendor :STMicroelectronics lwIP 2.0.3
2023-11-20 21:25:12,012 [INFO] ThirdParty:1030 - CMSIS Pack Vendor :STMicroelectronics FP-SNS-FLIGHT1 5.0.2
2023-11-20 21:25:12,012 [INFO] ThirdParty:1030 - CMSIS Pack Vendor :STMicroelectronics USB_HOST 1.0.0
2023-11-20 21:25:12,012 [INFO] ThirdParty:1030 - CMSIS Pack Vendor :STMicroelectronics X-CUBE-TOF1 3.3.1
2023-11-20 21:25:12,014 [INFO] ThirdParty:1030 - CMSIS Pack Vendor :STMicroelectronics X-CUBE-AZRTOS-G4 2.0.0
2023-11-20 21:25:12,014 [INFO] ThirdParty:1030 - CMSIS Pack Vendor :STMicroelectronics PDM2PCM 3.1.0
2023-11-20 21:25:12,014 [INFO] ThirdParty:1030 - CMSIS Pack Vendor :STMicroelectronics X-CUBE-AZRTOS-H7 3.1.0
2023-11-20 21:25:12,014 [INFO] ThirdParty:1030 - CMSIS Pack Vendor :Infineon AIROC-Wi-Fi-Bluetooth-STM32 1.5.1
2023-11-20 21:25:12,014 [INFO] ThirdParty:1030 - CMSIS Pack Vendor :STMicroelectronics X-CUBE-BLEMGR 3.0.0
2023-11-20 21:25:12,014 [INFO] ThirdParty:1030 - CMSIS Pack Vendor :STMicroelectronics PDM2PCM 3.3.0
2023-11-20 21:25:12,014 [INFO] ThirdParty:1030 - CMSIS Pack Vendor :STMicroelectronics X-CUBE-DISPLAY 3.0.0
2023-11-20 21:25:12,014 [INFO] ThirdParty:1030 - CMSIS Pack Vendor :STMicroelectronics FP-SNS-MOTENVWB1 1.3.0
2023-11-20 21:25:12,014 [INFO] ThirdParty:1030 - CMSIS Pack Vendor :STMicroelectronics X-CUBE-BLE1 7.0.0
2023-11-20 21:25:12,014 [INFO] ThirdParty:1030 - CMSIS Pack Vendor :STMicroelectronics FP-ATR-SIGFOX1 3.2.0
2023-11-20 21:25:12,014 [INFO] ThirdParty:1030 - CMSIS Pack Vendor :STMicroelectronics HAL Drivers 0.0.0
2023-11-20 21:25:12,014 [INFO] ThirdParty:1030 - CMSIS Pack Vendor :STMicroelectronics MBEDTLS 2.16.2
2023-11-20 21:25:12,014 [INFO] ThirdParty:1030 - CMSIS Pack Vendor :emotas I-CUBE-CANOPEN 1.3.0
2023-11-20 21:25:12,014 [INFO] ThirdParty:1030 - CMSIS Pack Vendor :STMicroelectronics X-CUBE-MEMS1 10.0.0
2023-11-20 21:25:12,014 [INFO] ThirdParty:1030 - CMSIS Pack Vendor :STMicroelectronics X-CUBE-FREERTOS 1.1.0
2023-11-20 21:25:12,014 [INFO] ThirdParty:1030 - CMSIS Pack Vendor :STMicroelectronics X-CUBE-NFC7 1.0.1
2023-11-20 21:25:12,014 [INFO] ThirdParty:1030 - CMSIS Pack Vendor :STMicroelectronics MBEDTLS 2.14.1
2023-11-20 21:25:12,014 [INFO] ThirdParty:1030 - CMSIS Pack Vendor :STMicroelectronics X-CUBE-TOUCHGFX 4.22.1
2023-11-20 21:25:12,014 [INFO] ThirdParty:1030 - CMSIS Pack Vendor :STMicroelectronics X-CUBE-NFC6 3.0.0
2023-11-20 21:25:12,014 [INFO] ThirdParty:1030 - CMSIS Pack Vendor :portGmbH I-Cube-SoM-uGOAL 1.1.0
2023-11-20 21:25:12,014 [INFO] ThirdParty:1030 - CMSIS Pack Vendor :STMicroelectronics X-CUBE-ALS 1.0.1
2023-11-20 21:25:12,014 [INFO] ThirdParty:1030 - CMSIS Pack Vendor :STMicroelectronics ThreadX 1.0.0
2023-11-20 21:25:12,014 [INFO] ThirdParty:1030 - CMSIS Pack Vendor :STMicroelectronics FP-SNS-SMARTAG2 1.2.0
2023-11-20 21:25:12,015 [INFO] ThirdParty:1030 - CMSIS Pack Vendor :STMicroelectronics X-CUBE-AZRTOS-WL 2.0.0
2023-11-20 21:25:12,015 [INFO] ThirdParty:1030 - CMSIS Pack Vendor :STMicroelectronics USB_DEVICE 1.0.0
2023-11-20 21:25:12,015 [INFO] ThirdParty:1030 - CMSIS Pack Vendor :STMicroelectronics X-CUBE-AI 8.1.0
2023-11-20 21:25:12,015 [INFO] ThirdParty:1030 - CMSIS Pack Vendor :STMicroelectronics X-CUBE-AZRTOS-L4 2.0.0
2023-11-20 21:25:12,015 [INFO] ThirdParty:1030 - CMSIS Pack Vendor :STMicroelectronics ThreadX 0.0.2
2023-11-20 21:25:12,015 [INFO] ThirdParty:1030 - CMSIS Pack Vendor :WES I-CUBE-Cesium 1.3.0
2023-11-20 21:25:12,015 [INFO] ThirdParty:1030 - CMSIS Pack Vendor :STMicroelectronics FP-ATR-ASTRA1 2.0.0
2023-11-20 21:25:12,015 [INFO] ThirdParty:1030 - CMSIS Pack Vendor :STMicroelectronics lwIP 2.1.2
2023-11-20 21:25:12,015 [INFO] ThirdParty:1030 - CMSIS Pack Vendor :STMicroelectronics X-CUBE-SFXS2LP1 4.0.0
2023-11-20 21:25:12,015 [INFO] ThirdParty:1030 - CMSIS Pack Vendor :STMicroelectronics X-CUBE-BLE2 3.3.0
2023-11-20 21:25:12,015 [INFO] ThirdParty:1030 - CMSIS Pack Vendor :STMicroelectronics X-CUBE-TOF1 3.4.0
2023-11-20 21:25:12,015 [INFO] ThirdParty:1030 - CMSIS Pack Vendor :STMicroelectronics PDM2PCM 3.2.0
2023-11-20 21:25:12,015 [INFO] ThirdParty:841 - exiting critical section [change project]
2023-11-20 21:25:12,260 [INFO] PinOutPanel:1499 - setPackage(No Configuration,No Configuration)
2023-11-20 21:25:12,261 [INFO] PinOutPanel:1499 - setPackage(STM32F103C6Tx,LQFP48)
2023-11-20 21:25:12,785 [INFO] UtilMem:75 - Before build in PCC Used Memory: 569064472 Bytes (1055916032)
2023-11-20 21:25:14,105 [INFO] UtilMem:75 - After build in PCC Used Memory: 628311064 Bytes (1055916032)
2023-11-20 21:25:14,133 [INFO] IPUIPlugin:80 - create IPUIPlugin
2023-11-20 21:25:14,133 [INFO] IPUIPlugin:80 - create IPUIPlugin
2023-11-20 21:25:14,133 [INFO] IPUIPlugin:80 - create IPUIPlugin
2023-11-20 21:25:14,133 [INFO] IPUIPlugin:80 - create IPUIPlugin
2023-11-20 21:25:14,133 [INFO] IPUIPlugin:80 - create IPUIPlugin
2023-11-20 21:25:14,133 [INFO] IPUIPlugin:80 - create IPUIPlugin
2023-11-20 21:25:14,133 [INFO] IPUIPlugin:80 - create IPUIPlugin
2023-11-20 21:25:14,133 [INFO] IPUIPlugin:80 - create IPUIPlugin
2023-11-20 21:25:14,133 [INFO] IPUIPlugin:80 - create IPUIPlugin
2023-11-20 21:25:14,134 [INFO] IPUIPlugin:80 - create IPUIPlugin
2023-11-20 21:25:14,134 [INFO] IPUIPlugin:80 - create IPUIPlugin
2023-11-20 21:25:14,134 [INFO] IPUIPlugin:80 - create IPUIPlugin
2023-11-20 21:25:14,134 [INFO] IPUIPlugin:80 - create IPUIPlugin
2023-11-20 21:25:14,134 [INFO] IPUIPlugin:80 - create IPUIPlugin
2023-11-20 21:25:14,134 [INFO] IPUIPlugin:80 - create IPUIPlugin
2023-11-20 21:25:14,135 [INFO] IPUIPlugin:80 - create IPUIPlugin
2023-11-20 21:25:14,135 [INFO] IPUIPlugin:80 - create IPUIPlugin
2023-11-20 21:25:14,135 [INFO] IPUIPlugin:80 - create IPUIPlugin
2023-11-20 21:25:14,135 [INFO] IPUIPlugin:80 - create IPUIPlugin
2023-11-20 21:25:14,135 [INFO] IPUIPlugin:80 - create IPUIPlugin
2023-11-20 21:25:14,136 [INFO] IPUIPlugin:80 - create IPUIPlugin
2023-11-20 21:25:14,136 [INFO] IPUIPlugin:80 - create IPUIPlugin
2023-11-20 21:25:14,136 [INFO] IPUIPlugin:80 - create IPUIPlugin
2023-11-20 21:25:14,425 [INFO] CADModel:165 - CPN selected for project levelSTM32F103C6T6A
2023-11-20 21:25:14,425 [INFO] CADModel:114 - Register for checkConnection events
2023-11-20 21:25:14,482 [INFO] OpenFileManager:328 - Restore cursor
2023-11-20 21:25:15,155 [INFO] UtilMem:75 - End SaveConfig() Used Memory: 687031320 Bytes (1055916032)
2023-11-20 21:25:15,212 [INFO] UtilMem:75 - End SaveConfig() Used Memory: 698039320 Bytes (1055916032)
2023-11-20 21:25:15,615 [INFO] BlockDiagram:2759 - set Specific Code input for plugin: NVIC
2023-11-20 21:25:15,615 [INFO] BlockDiagram:2759 - set Specific Code input for plugin: RCC
2023-11-20 21:25:15,616 [INFO] CodeGenerator:799 - code generatio: config db path: C:\ST\STM32CubeIDE_1.13.2\STM32CubeIDE\plugins\com.st.stm32cube.common.mx_6.9.2.202309101412\\db\
2023-11-20 21:25:15,798 [INFO] CodeEngine:255 - oldGeneratedFile, D:\fucks\mips\primer\Danica_Markovic\MXTmpFiles\license.tmp_save
2023-11-20 21:25:16,311 [INFO] CodeEngine:279 - Generated code: D:\fucks\mips\primer\Danica_Markovic\MXTmpFiles\license.tmp
2023-11-20 21:25:16,325 [INFO] CodeEngine:255 - oldGeneratedFile, D:\fucks\mips\primer\Danica_Markovic\Core\Src\stm32f1xx_it.c_save
2023-11-20 21:25:16,543 [INFO] CodeEngine:279 - Generated code: D:\fucks\mips\primer\Danica_Markovic\Core\Src\stm32f1xx_it.c
2023-11-20 21:25:16,546 [INFO] CodeEngine:255 - oldGeneratedFile, D:\fucks\mips\primer\Danica_Markovic\Core\Inc\stm32f1xx_it.h_save
2023-11-20 21:25:16,628 [INFO] CodeEngine:279 - Generated code: D:\fucks\mips\primer\Danica_Markovic\Core\Inc\stm32f1xx_it.h
2023-11-20 21:25:16,902 [INFO] CodeEngine:255 - oldGeneratedFile, D:\fucks\mips\primer\Danica_Markovic\Core\Src\stm32f1xx_hal_msp.c_save
2023-11-20 21:25:17,056 [INFO] CodeEngine:279 - Generated code: D:\fucks\mips\primer\Danica_Markovic\Core\Src\stm32f1xx_hal_msp.c
2023-11-20 21:25:17,060 [INFO] CodeEngine:255 - oldGeneratedFile, D:\fucks\mips\primer\Danica_Markovic\MXTmpFiles\system.tmp_save
2023-11-20 21:25:17,200 [INFO] CodeEngine:279 - Generated code: D:\fucks\mips\primer\Danica_Markovic\MXTmpFiles\system.tmp
2023-11-20 21:25:17,210 [INFO] CodeEngine:311 - oldGeneratedFile, D:\fucks\mips\primer\Danica_Markovic\Core\Inc\stm32f1xx_hal_conf.h_save
2023-11-20 21:25:17,339 [INFO] CodeEngine:335 - Generated code: D:\fucks\mips\primer\Danica_Markovic\Core\Inc\stm32f1xx_hal_conf.h
2023-11-20 21:25:17,395 [INFO] CodeEngine:255 - oldGeneratedFile, D:\fucks\mips\primer\Danica_Markovic\Core\Inc\main.h_save
2023-11-20 21:25:17,542 [INFO] CodeEngine:279 - Generated code: D:\fucks\mips\primer\Danica_Markovic\Core\Inc\main.h
2023-11-20 21:25:17,547 [INFO] CodeEngine:255 - oldGeneratedFile, D:\fucks\mips\primer\Danica_Markovic\Core\Src\main.c_save
2023-11-20 21:25:17,723 [INFO] CodeEngine:279 - Generated code: D:\fucks\mips\primer\Danica_Markovic\Core\Src\main.c
2023-11-20 21:25:18,307 [INFO] ProjectBuilder:3064 - Time for Copy HAL[1] : 102mS.
2023-11-20 21:25:18,317 [INFO] ProjectBuilder:4404 - Project Generator version: 4.1.0
2023-11-20 21:25:18,632 [INFO] ConfigFileManager:1457 - The Die is : DIE412
2023-11-20 21:25:18,665 [INFO] ApiDbMcu:507 - Load IP Config File for FATFS
2023-11-20 21:25:18,678 [INFO] ApiDbMcu:507 - Load IP Config File for FREERTOS
2023-11-20 21:25:18,694 [INFO] ApiDbMcu:507 - Load IP Config File for USB_DEVICE
2023-11-20 21:25:19,410 [INFO] LogOutputStream:77 - [STDOUT_REDIRECT] 
2023-11-20 21:25:21,658 [INFO] ProjectBuilder:4626 - Time for Generating toolchain IDE Files: 3340mS.
2023-11-20 21:25:21,659 [INFO] ProjectBuilder:2935 - Time for Copy CMSIS : 1mS.
2023-11-20 21:25:21,661 [INFO] ProjectBuilder:2935 - Time for Copy CMSIS : 0mS.
2023-11-20 21:25:23,689 [INFO] McuFinderGlobals:76 - Set McuFinderConnectedMode to true
2023-11-20 21:25:23,694 [INFO] ApiDb:448 - Save user favorites file C:\Users\erics/.stm32cubeide/favorites.mcus.txt: 0 item(s)
2023-11-20 21:25:23,694 [INFO] ApiDb:452 - User favorites MCUs=[]
2023-11-20 21:25:26,564 [ERROR] AdobePublisher:162 - Exception while opening the connection: java.net.SocketTimeoutException: Read timed out
2023-11-20 21:27:53,191 [INFO] UtilMem:75 - End SaveConfig() Used Memory: 543025928 Bytes (1073741824)
2023-11-20 21:27:54,705 [INFO] UtilMem:75 - End SaveConfig() Used Memory: 559227328 Bytes (1073741824)
2023-11-20 21:27:54,871 [INFO] UtilMem:75 - End SaveConfig() Used Memory: 598550976 Bytes (1073741824)
2023-11-20 21:27:55,049 [INFO] BlockDiagram:2759 - set Specific Code input for plugin: NVIC
2023-11-20 21:27:55,049 [INFO] BlockDiagram:2759 - set Specific Code input for plugin: GPIO
2023-11-20 21:27:55,049 [INFO] BlockDiagram:2759 - set Specific Code input for plugin: RCC
2023-11-20 21:27:55,050 [INFO] CodeGenerator:799 - code generatio: config db path: C:\ST\STM32CubeIDE_1.13.2\STM32CubeIDE\plugins\com.st.stm32cube.common.mx_6.9.2.202309101412\\db\
2023-11-20 21:27:55,166 [INFO] CodeEngine:255 - oldGeneratedFile, D:\fucks\mips\primer\Danica_Markovic\MXTmpFiles\license.tmp_save
2023-11-20 21:27:55,288 [INFO] CodeEngine:279 - Generated code: D:\fucks\mips\primer\Danica_Markovic\MXTmpFiles\license.tmp
2023-11-20 21:27:55,326 [INFO] CodeEngine:255 - oldGeneratedFile, D:\fucks\mips\primer\Danica_Markovic\MXTmpFiles\gpio.tmp_save
2023-11-20 21:27:55,459 [INFO] CodeEngine:279 - Generated code: D:\fucks\mips\primer\Danica_Markovic\MXTmpFiles\gpio.tmp
2023-11-20 21:27:55,483 [INFO] CodeEngine:255 - oldGeneratedFile, D:\fucks\mips\primer\Danica_Markovic\Core\Src\stm32f1xx_it.c_save
2023-11-20 21:27:55,566 [INFO] CodeEngine:279 - Generated code: D:\fucks\mips\primer\Danica_Markovic\Core\Src\stm32f1xx_it.c
2023-11-20 21:27:55,572 [INFO] CodeEngine:255 - oldGeneratedFile, D:\fucks\mips\primer\Danica_Markovic\Core\Inc\stm32f1xx_it.h_save
2023-11-20 21:27:55,638 [INFO] CodeEngine:279 - Generated code: D:\fucks\mips\primer\Danica_Markovic\Core\Inc\stm32f1xx_it.h
2023-11-20 21:27:55,659 [INFO] CodeEngine:255 - oldGeneratedFile, D:\fucks\mips\primer\Danica_Markovic\Core\Src\stm32f1xx_hal_msp.c_save
2023-11-20 21:27:55,734 [INFO] CodeEngine:279 - Generated code: D:\fucks\mips\primer\Danica_Markovic\Core\Src\stm32f1xx_hal_msp.c
2023-11-20 21:27:55,737 [INFO] CodeEngine:255 - oldGeneratedFile, D:\fucks\mips\primer\Danica_Markovic\MXTmpFiles\system.tmp_save
2023-11-20 21:27:55,795 [INFO] CodeEngine:279 - Generated code: D:\fucks\mips\primer\Danica_Markovic\MXTmpFiles\system.tmp
2023-11-20 21:27:55,807 [INFO] CodeEngine:311 - oldGeneratedFile, D:\fucks\mips\primer\Danica_Markovic\Core\Inc\stm32f1xx_hal_conf.h_save
2023-11-20 21:27:55,899 [INFO] CodeEngine:335 - Generated code: D:\fucks\mips\primer\Danica_Markovic\Core\Inc\stm32f1xx_hal_conf.h
2023-11-20 21:27:55,944 [INFO] CodeEngine:255 - oldGeneratedFile, D:\fucks\mips\primer\Danica_Markovic\Core\Inc\main.h_save
2023-11-20 21:27:56,016 [INFO] CodeEngine:279 - Generated code: D:\fucks\mips\primer\Danica_Markovic\Core\Inc\main.h
2023-11-20 21:27:56,027 [INFO] CodeEngine:255 - oldGeneratedFile, D:\fucks\mips\primer\Danica_Markovic\Core\Src\main.c_save
2023-11-20 21:27:56,138 [INFO] CodeEngine:279 - Generated code: D:\fucks\mips\primer\Danica_Markovic\Core\Src\main.c
2023-11-20 21:27:56,495 [INFO] ProjectBuilder:3064 - Time for Copy HAL[1] : 95mS.
2023-11-20 21:27:56,497 [INFO] ProjectBuilder:4404 - Project Generator version: 4.1.0
2023-11-20 21:27:56,817 [INFO] ConfigFileManager:1457 - The Die is : DIE412
2023-11-20 21:27:58,391 [INFO] ProjectBuilder:4626 - Time for Generating toolchain IDE Files: 1894mS.
2023-11-20 21:27:58,393 [INFO] ProjectBuilder:2935 - Time for Copy CMSIS : 1mS.
2023-11-20 21:27:58,394 [INFO] ProjectBuilder:2935 - Time for Copy CMSIS : 0mS.
2023-11-20 21:28:00,956 [ERROR] ConfigurationRetriever:142 - IOException on connection: Connect timed out
2023-11-20 21:36:03,547 [INFO] UtilMem:75 - End SaveConfig() Used Memory: 471794904 Bytes (909115392)
2023-11-20 21:36:04,968 [INFO] UtilMem:75 - End SaveConfig() Used Memory: 491544696 Bytes (909115392)
2023-11-20 21:36:05,135 [INFO] UtilMem:75 - End SaveConfig() Used Memory: 531916920 Bytes (909115392)
2023-11-20 21:36:05,288 [INFO] BlockDiagram:2759 - set Specific Code input for plugin: NVIC
2023-11-20 21:36:05,289 [INFO] BlockDiagram:2759 - set Specific Code input for plugin: GPIO
2023-11-20 21:36:05,289 [INFO] BlockDiagram:2759 - set Specific Code input for plugin: RCC
2023-11-20 21:36:05,289 [INFO] CodeGenerator:799 - code generatio: config db path: C:\ST\STM32CubeIDE_1.13.2\STM32CubeIDE\plugins\com.st.stm32cube.common.mx_6.9.2.202309101412\\db\
2023-11-20 21:36:05,384 [INFO] CodeEngine:255 - oldGeneratedFile, D:\fucks\mips\primer\Danica_Markovic\MXTmpFiles\license.tmp_save
2023-11-20 21:36:05,450 [INFO] CodeEngine:279 - Generated code: D:\fucks\mips\primer\Danica_Markovic\MXTmpFiles\license.tmp
2023-11-20 21:36:05,460 [INFO] CodeEngine:255 - oldGeneratedFile, D:\fucks\mips\primer\Danica_Markovic\MXTmpFiles\gpio.tmp_save
2023-11-20 21:36:05,533 [INFO] CodeEngine:279 - Generated code: D:\fucks\mips\primer\Danica_Markovic\MXTmpFiles\gpio.tmp
2023-11-20 21:36:05,553 [INFO] CodeEngine:255 - oldGeneratedFile, D:\fucks\mips\primer\Danica_Markovic\Core\Src\stm32f1xx_it.c_save
2023-11-20 21:36:05,624 [INFO] CodeEngine:279 - Generated code: D:\fucks\mips\primer\Danica_Markovic\Core\Src\stm32f1xx_it.c
2023-11-20 21:36:05,635 [INFO] CodeEngine:255 - oldGeneratedFile, D:\fucks\mips\primer\Danica_Markovic\Core\Inc\stm32f1xx_it.h_save
2023-11-20 21:36:05,693 [INFO] CodeEngine:279 - Generated code: D:\fucks\mips\primer\Danica_Markovic\Core\Inc\stm32f1xx_it.h
2023-11-20 21:36:05,716 [INFO] CodeEngine:255 - oldGeneratedFile, D:\fucks\mips\primer\Danica_Markovic\Core\Src\stm32f1xx_hal_msp.c_save
2023-11-20 21:36:05,789 [INFO] CodeEngine:279 - Generated code: D:\fucks\mips\primer\Danica_Markovic\Core\Src\stm32f1xx_hal_msp.c
2023-11-20 21:36:05,791 [INFO] CodeEngine:255 - oldGeneratedFile, D:\fucks\mips\primer\Danica_Markovic\MXTmpFiles\system.tmp_save
2023-11-20 21:36:05,847 [INFO] CodeEngine:279 - Generated code: D:\fucks\mips\primer\Danica_Markovic\MXTmpFiles\system.tmp
2023-11-20 21:36:05,859 [INFO] CodeEngine:311 - oldGeneratedFile, D:\fucks\mips\primer\Danica_Markovic\Core\Inc\stm32f1xx_hal_conf.h_save
2023-11-20 21:36:05,938 [INFO] CodeEngine:335 - Generated code: D:\fucks\mips\primer\Danica_Markovic\Core\Inc\stm32f1xx_hal_conf.h
2023-11-20 21:36:05,964 [INFO] CodeEngine:255 - oldGeneratedFile, D:\fucks\mips\primer\Danica_Markovic\Core\Inc\main.h_save
2023-11-20 21:36:06,025 [INFO] CodeEngine:279 - Generated code: D:\fucks\mips\primer\Danica_Markovic\Core\Inc\main.h
2023-11-20 21:36:06,035 [INFO] CodeEngine:255 - oldGeneratedFile, D:\fucks\mips\primer\Danica_Markovic\Core\Src\main.c_save
2023-11-20 21:36:06,169 [INFO] CodeEngine:279 - Generated code: D:\fucks\mips\primer\Danica_Markovic\Core\Src\main.c
2023-11-20 21:36:06,555 [INFO] ProjectBuilder:3064 - Time for Copy HAL[1] : 86mS.
2023-11-20 21:36:06,556 [INFO] ProjectBuilder:4404 - Project Generator version: 4.1.0
2023-11-20 21:36:06,695 [INFO] ConfigFileManager:1457 - The Die is : DIE412
2023-11-20 21:36:07,666 [INFO] ProjectBuilder:4626 - Time for Generating toolchain IDE Files: 1110mS.
2023-11-20 21:36:07,667 [INFO] ProjectBuilder:2935 - Time for Copy CMSIS : 0mS.
2023-11-20 21:36:07,668 [INFO] ProjectBuilder:2935 - Time for Copy CMSIS : 0mS.
2023-11-20 21:36:54,176 [ERROR] ConfigurationRetriever:142 - IOException on connection: Connect timed out
2023-11-20 21:41:42,428 [ERROR] LogOutputStream:75 - [STDERR_REDIRECT] 
